<?xml version="1.0" encoding="UTF-8"?>
<testng-results ignored="0" total="1" passed="1" failed="0" skipped="0">
  <reporter-output>
  </reporter-output>
  <suite started-at="2021-05-31T02:36:18 IST" name="Default suite" finished-at="2021-05-31T02:36:18 IST" duration-ms="68">
    <groups>
    </groups>
    <test started-at="2021-05-31T02:36:18 IST" name="Default test" finished-at="2021-05-31T02:36:18 IST" duration-ms="68">
      <class name="MavenGroupID.MavenArtifactID.APITest">
        <test-method signature="almTest()[pri:0, instance:MavenGroupID.MavenArtifactID.APITest@615091b8]" started-at="2021-05-31T02:36:18 IST" name="almTest" finished-at="2021-05-31T02:36:18 IST" duration-ms="18" status="PASS">
          <reporter-output>
          </reporter-output>
        </test-method> <!-- almTest -->
      </class> <!-- MavenGroupID.MavenArtifactID.APITest -->
    </test> <!-- Default test -->
  </suite> <!-- Default suite -->
</testng-results>
